CRITICAL - 2022-10-17 18:01:51 --> You must set the database table to be used with your query.
in SYSTEMPATH\Database\BaseConnection.php on line 872.
 1 SYSTEMPATH\Model.php(587): CodeIgniter\Database\BaseConnection->table(null)
 2 SYSTEMPATH\Model.php(764): CodeIgniter\Model->builder()
 3 APPPATH\Controllers\PlayerController.php(36): CodeIgniter\Model->__call('getNightPlayer', [])
 4 APPPATH\Controllers\PlayerController.php(23): App\Controllers\PlayerController->night()
 5 SYSTEMPATH\CodeIgniter.php(907): App\Controllers\PlayerController->getPlayer()
 6 SYSTEMPATH\CodeIgniter.php(457): CodeIgniter\CodeIgniter->runController(Object(App\Controllers\PlayerController))
 7 SYSTEMPATH\CodeIgniter.php(340): CodeIgniter\CodeIgniter->handleRequest(null, Object(Config\Cache), false)
 8 FCPATH\index.php(67): CodeIgniter\CodeIgniter->run()
CRITICAL - 2022-10-17 18:01:53 --> You must set the database table to be used with your query.
in SYSTEMPATH\Database\BaseConnection.php on line 872.
 1 SYSTEMPATH\Model.php(587): CodeIgniter\Database\BaseConnection->table(null)
 2 SYSTEMPATH\Model.php(764): CodeIgniter\Model->builder()
 3 APPPATH\Controllers\PlayerController.php(36): CodeIgniter\Model->__call('getNightPlayer', [])
 4 APPPATH\Controllers\PlayerController.php(23): App\Controllers\PlayerController->night()
 5 SYSTEMPATH\CodeIgniter.php(907): App\Controllers\PlayerController->getPlayer()
 6 SYSTEMPATH\CodeIgniter.php(457): CodeIgniter\CodeIgniter->runController(Object(App\Controllers\PlayerController))
 7 SYSTEMPATH\CodeIgniter.php(340): CodeIgniter\CodeIgniter->handleRequest(null, Object(Config\Cache), false)
 8 FCPATH\index.php(67): CodeIgniter\CodeIgniter->run()
CRITICAL - 2022-10-17 18:01:53 --> You must set the database table to be used with your query.
in SYSTEMPATH\Database\BaseConnection.php on line 872.
 1 SYSTEMPATH\Model.php(587): CodeIgniter\Database\BaseConnection->table(null)
 2 SYSTEMPATH\Model.php(764): CodeIgniter\Model->builder()
 3 APPPATH\Controllers\PlayerController.php(36): CodeIgniter\Model->__call('getNightPlayer', [])
 4 APPPATH\Controllers\PlayerController.php(23): App\Controllers\PlayerController->night()
 5 SYSTEMPATH\CodeIgniter.php(907): App\Controllers\PlayerController->getPlayer()
 6 SYSTEMPATH\CodeIgniter.php(457): CodeIgniter\CodeIgniter->runController(Object(App\Controllers\PlayerController))
 7 SYSTEMPATH\CodeIgniter.php(340): CodeIgniter\CodeIgniter->handleRequest(null, Object(Config\Cache), false)
 8 FCPATH\index.php(67): CodeIgniter\CodeIgniter->run()
CRITICAL - 2022-10-17 18:02:08 --> You must set the database table to be used with your query.
in SYSTEMPATH\Database\BaseConnection.php on line 872.
 1 SYSTEMPATH\Model.php(587): CodeIgniter\Database\BaseConnection->table(null)
 2 SYSTEMPATH\Model.php(764): CodeIgniter\Model->builder()
 3 APPPATH\Controllers\PlayerController.php(36): CodeIgniter\Model->__call('getNightPlayer', [])
 4 APPPATH\Controllers\PlayerController.php(23): App\Controllers\PlayerController->night()
 5 SYSTEMPATH\CodeIgniter.php(907): App\Controllers\PlayerController->getPlayer()
 6 SYSTEMPATH\CodeIgniter.php(457): CodeIgniter\CodeIgniter->runController(Object(App\Controllers\PlayerController))
 7 SYSTEMPATH\CodeIgniter.php(340): CodeIgniter\CodeIgniter->handleRequest(null, Object(Config\Cache), false)
 8 FCPATH\index.php(67): CodeIgniter\CodeIgniter->run()
CRITICAL - 2022-10-17 18:06:27 --> You must set the database table to be used with your query.
in SYSTEMPATH\Database\BaseConnection.php on line 872.
 1 SYSTEMPATH\Model.php(587): CodeIgniter\Database\BaseConnection->table(null)
 2 SYSTEMPATH\Model.php(764): CodeIgniter\Model->builder()
 3 APPPATH\Controllers\PlayerController.php(36): CodeIgniter\Model->__call('getNightPlayer', [])
 4 APPPATH\Controllers\PlayerController.php(23): App\Controllers\PlayerController->night()
 5 SYSTEMPATH\CodeIgniter.php(907): App\Controllers\PlayerController->getPlayer()
 6 SYSTEMPATH\CodeIgniter.php(457): CodeIgniter\CodeIgniter->runController(Object(App\Controllers\PlayerController))
 7 SYSTEMPATH\CodeIgniter.php(340): CodeIgniter\CodeIgniter->handleRequest(null, Object(Config\Cache), false)
 8 FCPATH\index.php(67): CodeIgniter\CodeIgniter->run()
CRITICAL - 2022-10-17 18:07:13 --> You must set the database table to be used with your query.
in SYSTEMPATH\Database\BaseConnection.php on line 872.
 1 SYSTEMPATH\Model.php(587): CodeIgniter\Database\BaseConnection->table(null)
 2 SYSTEMPATH\Model.php(764): CodeIgniter\Model->builder()
 3 APPPATH\Controllers\PlayerController.php(36): CodeIgniter\Model->__call('getNightPlayer', [])
 4 APPPATH\Controllers\PlayerController.php(23): App\Controllers\PlayerController->night()
 5 SYSTEMPATH\CodeIgniter.php(907): App\Controllers\PlayerController->getPlayer()
 6 SYSTEMPATH\CodeIgniter.php(457): CodeIgniter\CodeIgniter->runController(Object(App\Controllers\PlayerController))
 7 SYSTEMPATH\CodeIgniter.php(340): CodeIgniter\CodeIgniter->handleRequest(null, Object(Config\Cache), false)
 8 FCPATH\index.php(67): CodeIgniter\CodeIgniter->run()
CRITICAL - 2022-10-17 18:13:12 --> You must set the database table to be used with your query.
in SYSTEMPATH\Database\BaseConnection.php on line 872.
 1 SYSTEMPATH\Model.php(587): CodeIgniter\Database\BaseConnection->table(null)
 2 SYSTEMPATH\Model.php(764): CodeIgniter\Model->builder()
 3 APPPATH\Controllers\PlayerController.php(33): CodeIgniter\Model->__call('getDayPlayer', [])
 4 APPPATH\Controllers\PlayerController.php(25): App\Controllers\PlayerController->dayPlayer()
 5 SYSTEMPATH\CodeIgniter.php(907): App\Controllers\PlayerController->getPlayer()
 6 SYSTEMPATH\CodeIgniter.php(457): CodeIgniter\CodeIgniter->runController(Object(App\Controllers\PlayerController))
 7 SYSTEMPATH\CodeIgniter.php(340): CodeIgniter\CodeIgniter->handleRequest(null, Object(Config\Cache), false)
 8 FCPATH\index.php(67): CodeIgniter\CodeIgniter->run()
CRITICAL - 2022-10-17 18:14:14 --> You must set the database table to be used with your query.
in SYSTEMPATH\Database\BaseConnection.php on line 872.
 1 SYSTEMPATH\Model.php(587): CodeIgniter\Database\BaseConnection->table(null)
 2 SYSTEMPATH\Model.php(764): CodeIgniter\Model->builder()
 3 APPPATH\Controllers\PlayerController.php(35): CodeIgniter\Model->__call('getDayPlayer', [])
 4 APPPATH\Controllers\PlayerController.php(23): App\Controllers\PlayerController->dayPlayer()
 5 SYSTEMPATH\CodeIgniter.php(907): App\Controllers\PlayerController->getPlayer()
 6 SYSTEMPATH\CodeIgniter.php(457): CodeIgniter\CodeIgniter->runController(Object(App\Controllers\PlayerController))
 7 SYSTEMPATH\CodeIgniter.php(340): CodeIgniter\CodeIgniter->handleRequest(null, Object(Config\Cache), false)
 8 FCPATH\index.php(67): CodeIgniter\CodeIgniter->run()
CRITICAL - 2022-10-17 18:47:14 --> Cannot instantiate abstract class App\Controllers\BaseController
in SYSTEMPATH\CodeIgniter.php on line 869.
 1 SYSTEMPATH\CodeIgniter.php(448): CodeIgniter\CodeIgniter->createController()
 2 SYSTEMPATH\CodeIgniter.php(340): CodeIgniter\CodeIgniter->handleRequest(null, Object(Config\Cache), false)
 3 FCPATH\index.php(67): CodeIgniter\CodeIgniter->run()
CRITICAL - 2022-10-17 18:47:15 --> Cannot instantiate abstract class App\Controllers\BaseController
in SYSTEMPATH\CodeIgniter.php on line 869.
 1 SYSTEMPATH\CodeIgniter.php(448): CodeIgniter\CodeIgniter->createController()
 2 SYSTEMPATH\CodeIgniter.php(340): CodeIgniter\CodeIgniter->handleRequest(null, Object(Config\Cache), false)
 3 FCPATH\index.php(67): CodeIgniter\CodeIgniter->run()
CRITICAL - 2022-10-17 18:47:32 --> Cannot instantiate abstract class App\Controllers\BaseController
in SYSTEMPATH\CodeIgniter.php on line 869.
 1 SYSTEMPATH\CodeIgniter.php(448): CodeIgniter\CodeIgniter->createController()
 2 SYSTEMPATH\CodeIgniter.php(340): CodeIgniter\CodeIgniter->handleRequest(null, Object(Config\Cache), false)
 3 FCPATH\index.php(67): CodeIgniter\CodeIgniter->run()
CRITICAL - 2022-10-17 18:47:33 --> Cannot instantiate abstract class App\Controllers\BaseController
in SYSTEMPATH\CodeIgniter.php on line 869.
 1 SYSTEMPATH\CodeIgniter.php(448): CodeIgniter\CodeIgniter->createController()
 2 SYSTEMPATH\CodeIgniter.php(340): CodeIgniter\CodeIgniter->handleRequest(null, Object(Config\Cache), false)
 3 FCPATH\index.php(67): CodeIgniter\CodeIgniter->run()
CRITICAL - 2022-10-17 18:47:33 --> Cannot instantiate abstract class App\Controllers\BaseController
in SYSTEMPATH\CodeIgniter.php on line 869.
 1 SYSTEMPATH\CodeIgniter.php(448): CodeIgniter\CodeIgniter->createController()
 2 SYSTEMPATH\CodeIgniter.php(340): CodeIgniter\CodeIgniter->handleRequest(null, Object(Config\Cache), false)
 3 FCPATH\index.php(67): CodeIgniter\CodeIgniter->run()
CRITICAL - 2022-10-17 18:47:33 --> Cannot instantiate abstract class App\Controllers\BaseController
in SYSTEMPATH\CodeIgniter.php on line 869.
 1 SYSTEMPATH\CodeIgniter.php(448): CodeIgniter\CodeIgniter->createController()
 2 SYSTEMPATH\CodeIgniter.php(340): CodeIgniter\CodeIgniter->handleRequest(null, Object(Config\Cache), false)
 3 FCPATH\index.php(67): CodeIgniter\CodeIgniter->run()
CRITICAL - 2022-10-17 18:47:33 --> Cannot instantiate abstract class App\Controllers\BaseController
in SYSTEMPATH\CodeIgniter.php on line 869.
 1 SYSTEMPATH\CodeIgniter.php(448): CodeIgniter\CodeIgniter->createController()
 2 SYSTEMPATH\CodeIgniter.php(340): CodeIgniter\CodeIgniter->handleRequest(null, Object(Config\Cache), false)
 3 FCPATH\index.php(67): CodeIgniter\CodeIgniter->run()
CRITICAL - 2022-10-17 18:47:34 --> Cannot instantiate abstract class App\Controllers\BaseController
in SYSTEMPATH\CodeIgniter.php on line 869.
 1 SYSTEMPATH\CodeIgniter.php(448): CodeIgniter\CodeIgniter->createController()
 2 SYSTEMPATH\CodeIgniter.php(340): CodeIgniter\CodeIgniter->handleRequest(null, Object(Config\Cache), false)
 3 FCPATH\index.php(67): CodeIgniter\CodeIgniter->run()
